This file contains any messages produced by compilers while
running configure, to aid debugging if configure makes a mistake.

It was created by xg/xgmain.cpp configure 2.70, which was
generated by GNU Autoconf 2.69.  Invocation command line was

  $ ./configure --with-X11_LIBDIR=/usr/lib/x86_64-linux-gnu/

## --------- ##
## Platform. ##
## --------- ##

hostname = rinku-tslcpp
uname -m = x86_64
uname -r = 5.8.0-44-generic
uname -s = Linux
uname -v = #50~20.04.1-Ubuntu SMP Wed Feb 10 21:07:30 UTC 2021

/usr/bin/uname -p = x86_64
/bin/uname -X     = unknown

/bin/arch              = x86_64
/usr/bin/arch -k       = unknown
/usr/convex/getsysinfo = unknown
/usr/bin/hostinfo      = unknown
/bin/machine           = unknown
/usr/bin/oslevel       = unknown
/bin/universe          = unknown

PATH: /usr/local/sbin
PATH: /usr/local/bin
PATH: /usr/sbin
PATH: /usr/bin
PATH: /sbin
PATH: /bin
PATH: /usr/games
PATH: /usr/local/games
PATH: /snap/bin


## ----------- ##
## Core tests. ##
## ----------- ##

configure:2467: checking for a BSD-compatible install
configure:2535: result: /usr/bin/install -c
configure:2546: checking whether build environment is sane
configure:2601: result: yes
configure:2637: WARNING: 'missing' script is too old or missing
configure:2750: checking for a thread-safe mkdir -p
configure:2789: result: /usr/bin/mkdir -p
configure:2796: checking for gawk
configure:2826: result: no
configure:2796: checking for mawk
configure:2812: found /usr/bin/mawk
configure:2823: result: mawk
configure:2834: checking whether make sets $(MAKE)
configure:2856: result: yes
configure:2885: checking whether make supports nested variables
configure:2902: result: yes
configure:2999: checking whether to enable maintainer-specific portions of Makefiles
configure:3008: result: no
configure:3060: checking build system type
configure:3074: result: x86_64-unknown-linux-gnu
configure:3094: checking host system type
configure:3107: result: x86_64-unknown-linux-gnu
configure:3202: checking for hdf5.h
configure:3228: result: no
configure:3241: WARNING: hdf5.h not found in /home/rinku//hdf5/include:/usr/local/hdf5/include:/loc/hdf5/include:/usr/common/usg/hdf5_64/default/serial/include:/usr/common/usg/hdf5/64/default/serial/include:/usr/include:/usr/local/include:/home/rinku//hdf5mpi/include:/usr/local/hdf5mpi/include:/loc/hdf5mpi/include:/usr/common/usg/hdf5_64/default/parallel/include:/usr/common/usg/hdf5/64/default/parallel/include:/usr/include:/usr/local/include.  Use --with-hdf5-incdir=
configure:3682: WARNING: hdf5 not properly installed -- Turning off hdf5.
configure:3750: checking for style of include used by make
configure:3778: result: GNU
configure:3849: checking for gcc
configure:3876: result: gcc
configure:4105: checking for C compiler version
configure:4114: gcc --version >&5
gcc (Ubuntu 9.3.0-17ubuntu1~20.04) 9.3.0
Copyright (C) 2019 Free Software Foundation, Inc.
This is free software; see the source for copying conditions.  There is NO
warranty; not even for MERCHANTABILITY or FITNESS FOR A PARTICULAR PURPOSE.

configure:4125: $? = 0
configure:4114: gcc -v >&5
Using built-in specs.
COLLECT_GCC=gcc
COLLECT_LTO_WRAPPER=/usr/lib/gcc/x86_64-linux-gnu/9/lto-wrapper
OFFLOAD_TARGET_NAMES=nvptx-none:hsa
OFFLOAD_TARGET_DEFAULT=1
Target: x86_64-linux-gnu
Configured with: ../src/configure -v --with-pkgversion='Ubuntu 9.3.0-17ubuntu1~20.04' --with-bugurl=file:///usr/share/doc/gcc-9/README.Bugs --enable-languages=c,ada,c++,go,brig,d,fortran,objc,obj-c++,gm2 --prefix=/usr --with-gcc-major-version-only --program-suffix=-9 --program-prefix=x86_64-linux-gnu- --enable-shared --enable-linker-build-id --libexecdir=/usr/lib --without-included-gettext --enable-threads=posix --libdir=/usr/lib --enable-nls --enable-clocale=gnu --enable-libstdcxx-debug --enable-libstdcxx-time=yes --with-default-libstdcxx-abi=new --enable-gnu-unique-object --disable-vtable-verify --enable-plugin --enable-default-pie --with-system-zlib --with-target-system-zlib=auto --enable-objc-gc=auto --enable-multiarch --disable-werror --with-arch-32=i686 --with-abi=m64 --with-multilib-list=m32,m64,mx32 --enable-multilib --with-tune=generic --enable-offload-targets=nvptx-none=/build/gcc-9-HskZEa/gcc-9-9.3.0/debian/tmp-nvptx/usr,hsa --without-cuda-driver --enable-checking=release --build=x86_64-linux-gnu --host=x86_64-linux-gnu --target=x86_64-linux-gnu
Thread model: posix
gcc version 9.3.0 (Ubuntu 9.3.0-17ubuntu1~20.04) 
configure:4125: $? = 0
configure:4114: gcc -V >&5
gcc: error: unrecognized command line option '-V'
gcc: fatal error: no input files
compilation terminated.
configure:4125: $? = 1
configure:4114: gcc -qversion >&5
gcc: error: unrecognized command line option '-qversion'; did you mean '--version'?
gcc: fatal error: no input files
compilation terminated.
configure:4125: $? = 1
configure:4145: checking whether the C compiler works
configure:4167: gcc    conftest.c  >&5
configure:4171: $? = 0
configure:4219: result: yes
configure:4222: checking for C compiler default output file name
configure:4224: result: a.out
configure:4230: checking for suffix of executables
configure:4237: gcc -o conftest    conftest.c  >&5
configure:4241: $? = 0
configure:4263: result: 
configure:4285: checking whether we are cross compiling
configure:4293: gcc -o conftest    conftest.c  >&5
configure:4297: $? = 0
configure:4304: ./conftest
configure:4308: $? = 0
configure:4296: result: no
configure:4301: checking for suffix of object files
configure:4323: gcc -c   conftest.c >&5
configure:4327: $? = 0
configure:4348: result: o
configure:4352: checking whether we are using the GNU C compiler
configure:4371: gcc -c   conftest.c >&5
configure:4371: $? = 0
configure:4380: result: yes
configure:4389: checking whether gcc accepts -g
configure:4409: gcc -c -g  conftest.c >&5
configure:4409: $? = 0
configure:4450: result: yes
configure:4467: checking for gcc option to accept ISO C89
configure:4530: gcc  -c -g -O2  conftest.c >&5
configure:4530: $? = 0
configure:4543: result: none needed
configure:4565: checking dependency style of gcc
configure:4676: result: gcc3
configure:4692: checking for library containing strerror
configure:4723: gcc -o conftest -g -O2   conftest.c  >&5
configure:4723: $? = 0
configure:4740: result: none required
configure:4748: checking whether time.h and sys/time.h may both be included
configure:4768: gcc -c -g -O2  conftest.c >&5
configure:4768: $? = 0
configure:4775: result: yes
configure:4846: checking for g++
configure:4864: found /usr/bin/g++
configure:4876: result: /usr/bin/g++
configure:5013: checking g++ version
configure:5034: result: g++
configure:5087: WARNING: Caution: version  is not known to work.
configure:5191: checking for -fsquangle
configure:5217: result: no
configure:5604: checking how to build libraries
configure:5609: result: with ar cr  
configure:5630: checking for gcc
configure:5648: found /usr/bin/gcc
configure:5660: result: /usr/bin/gcc
configure:6459: checking for gcc
configure:6486: result: gcc
configure:6715: checking for C compiler version
configure:6724: gcc --version >&5
gcc (Ubuntu 9.3.0-17ubuntu1~20.04) 9.3.0
Copyright (C) 2019 Free Software Foundation, Inc.
This is free software; see the source for copying conditions.  There is NO
warranty; not even for MERCHANTABILITY or FITNESS FOR A PARTICULAR PURPOSE.

configure:6735: $? = 0
configure:6724: gcc -v >&5
Using built-in specs.
COLLECT_GCC=gcc
COLLECT_LTO_WRAPPER=/usr/lib/gcc/x86_64-linux-gnu/9/lto-wrapper
OFFLOAD_TARGET_NAMES=nvptx-none:hsa
OFFLOAD_TARGET_DEFAULT=1
Target: x86_64-linux-gnu
Configured with: ../src/configure -v --with-pkgversion='Ubuntu 9.3.0-17ubuntu1~20.04' --with-bugurl=file:///usr/share/doc/gcc-9/README.Bugs --enable-languages=c,ada,c++,go,brig,d,fortran,objc,obj-c++,gm2 --prefix=/usr --with-gcc-major-version-only --program-suffix=-9 --program-prefix=x86_64-linux-gnu- --enable-shared --enable-linker-build-id --libexecdir=/usr/lib --without-included-gettext --enable-threads=posix --libdir=/usr/lib --enable-nls --enable-clocale=gnu --enable-libstdcxx-debug --enable-libstdcxx-time=yes --with-default-libstdcxx-abi=new --enable-gnu-unique-object --disable-vtable-verify --enable-plugin --enable-default-pie --with-system-zlib --with-target-system-zlib=auto --enable-objc-gc=auto --enable-multiarch --disable-werror --with-arch-32=i686 --with-abi=m64 --with-multilib-list=m32,m64,mx32 --enable-multilib --with-tune=generic --enable-offload-targets=nvptx-none=/build/gcc-9-HskZEa/gcc-9-9.3.0/debian/tmp-nvptx/usr,hsa --without-cuda-driver --enable-checking=release --build=x86_64-linux-gnu --host=x86_64-linux-gnu --target=x86_64-linux-gnu
Thread model: posix
gcc version 9.3.0 (Ubuntu 9.3.0-17ubuntu1~20.04) 
configure:6735: $? = 0
configure:6724: gcc -V >&5
gcc: error: unrecognized command line option '-V'
gcc: fatal error: no input files
compilation terminated.
configure:6735: $? = 1
configure:6724: gcc -qversion >&5
gcc: error: unrecognized command line option '-qversion'; did you mean '--version'?
gcc: fatal error: no input files
compilation terminated.
configure:6735: $? = 1
configure:6739: checking whether we are using the GNU C compiler
configure:6767: result: yes
configure:6776: checking whether gcc accepts -g
configure:6837: result: yes
configure:6854: checking for gcc option to accept ISO C89
configure:6930: result: none needed
configure:6952: checking dependency style of gcc
configure:7063: result: gcc3
configure:7190: checking for C++ compiler version
configure:7199: g++ --version >&5
g++ (Ubuntu 9.3.0-17ubuntu1~20.04) 9.3.0
Copyright (C) 2019 Free Software Foundation, Inc.
This is free software; see the source for copying conditions.  There is NO
warranty; not even for MERCHANTABILITY or FITNESS FOR A PARTICULAR PURPOSE.

configure:7210: $? = 0
configure:7199: g++ -v >&5
Using built-in specs.
COLLECT_GCC=g++
COLLECT_LTO_WRAPPER=/usr/lib/gcc/x86_64-linux-gnu/9/lto-wrapper
OFFLOAD_TARGET_NAMES=nvptx-none:hsa
OFFLOAD_TARGET_DEFAULT=1
Target: x86_64-linux-gnu
Configured with: ../src/configure -v --with-pkgversion='Ubuntu 9.3.0-17ubuntu1~20.04' --with-bugurl=file:///usr/share/doc/gcc-9/README.Bugs --enable-languages=c,ada,c++,go,brig,d,fortran,objc,obj-c++,gm2 --prefix=/usr --with-gcc-major-version-only --program-suffix=-9 --program-prefix=x86_64-linux-gnu- --enable-shared --enable-linker-build-id --libexecdir=/usr/lib --without-included-gettext --enable-threads=posix --libdir=/usr/lib --enable-nls --enable-clocale=gnu --enable-libstdcxx-debug --enable-libstdcxx-time=yes --with-default-libstdcxx-abi=new --enable-gnu-unique-object --disable-vtable-verify --enable-plugin --enable-default-pie --with-system-zlib --with-target-system-zlib=auto --enable-objc-gc=auto --enable-multiarch --disable-werror --with-arch-32=i686 --with-abi=m64 --with-multilib-list=m32,m64,mx32 --enable-multilib --with-tune=generic --enable-offload-targets=nvptx-none=/build/gcc-9-HskZEa/gcc-9-9.3.0/debian/tmp-nvptx/usr,hsa --without-cuda-driver --enable-checking=release --build=x86_64-linux-gnu --host=x86_64-linux-gnu --target=x86_64-linux-gnu
Thread model: posix
gcc version 9.3.0 (Ubuntu 9.3.0-17ubuntu1~20.04) 
configure:7210: $? = 0
configure:7199: g++ -V >&5
g++: error: unrecognized command line option '-V'
g++: fatal error: no input files
compilation terminated.
configure:7210: $? = 1
configure:7199: g++ -qversion >&5
g++: error: unrecognized command line option '-qversion'; did you mean '--version'?
g++: fatal error: no input files
compilation terminated.
configure:7210: $? = 1
configure:7214: checking whether we are using the GNU C++ compiler
configure:7233: g++ -c -Wall -Wno-unused  -g -O2 -pipe -g -O2 -pipe    conftest.cpp >&5
configure:7233: $? = 0
configure:7242: result: yes
configure:7251: checking whether g++ accepts -g
configure:7271: g++ -c -g  conftest.cpp >&5
configure:7271: $? = 0
configure:7312: result: yes
configure:7337: checking dependency style of g++
configure:7448: result: gcc3
configure:7468: checking how to run the C preprocessor
configure:7499: gcc -E  conftest.c
configure:7499: $? = 0
configure:7513: gcc -E  conftest.c
conftest.c:19:10: fatal error: ac_nonexistent.h: No such file or directory
   19 | #include <ac_nonexistent.h>
      |          ^~~~~~~~~~~~~~~~~~
compilation terminated.
configure:7513: $? = 1
configure: failed program was:
| /* confdefs.h */
| #define PACKAGE_NAME "xg/xgmain.cpp"
| #define PACKAGE_TARNAME "xg-xgmain-cpp"
| #define PACKAGE_VERSION "2.70"
| #define PACKAGE_STRING "xg/xgmain.cpp 2.70"
| #define PACKAGE_BUGREPORT ""
| #define PACKAGE_URL ""
| #define PACKAGE "xg-xgmain-cpp"
| #define VERSION "2.70"
| #define HOSTTYPE "x86_64-unknown-linux-gnu"
| #define TIME_WITH_SYS_TIME 1
| #define CXX "g++"
| #define CXX_VERSION "g++"
| #define CXX_OPTIFLAGS "-g -O2 -pipe"
| #define CXX_SHAREDLIBFLAGS "-shared"
| #define TOP_BUILDDIR "/home/rinku/CODE/xoopic"
| #define TOP_SRCDIR "/home/rinku/CODE/xoopic"
| /* end confdefs.h.  */
| #include <ac_nonexistent.h>
configure:7538: result: gcc -E
configure:7558: gcc -E  conftest.c
configure:7558: $? = 0
configure:7572: gcc -E  conftest.c
conftest.c:19:10: fatal error: ac_nonexistent.h: No such file or directory
   19 | #include <ac_nonexistent.h>
      |          ^~~~~~~~~~~~~~~~~~
compilation terminated.
configure:7572: $? = 1
configure: failed program was:
| /* confdefs.h */
| #define PACKAGE_NAME "xg/xgmain.cpp"
| #define PACKAGE_TARNAME "xg-xgmain-cpp"
| #define PACKAGE_VERSION "2.70"
| #define PACKAGE_STRING "xg/xgmain.cpp 2.70"
| #define PACKAGE_BUGREPORT ""
| #define PACKAGE_URL ""
| #define PACKAGE "xg-xgmain-cpp"
| #define VERSION "2.70"
| #define HOSTTYPE "x86_64-unknown-linux-gnu"
| #define TIME_WITH_SYS_TIME 1
| #define CXX "g++"
| #define CXX_VERSION "g++"
| #define CXX_OPTIFLAGS "-g -O2 -pipe"
| #define CXX_SHAREDLIBFLAGS "-shared"
| #define TOP_BUILDDIR "/home/rinku/CODE/xoopic"
| #define TOP_SRCDIR "/home/rinku/CODE/xoopic"
| /* end confdefs.h.  */
| #include <ac_nonexistent.h>
configure:7605: checking how to run the C++ preprocessor
configure:7632: g++ -E  conftest.cpp
configure:7632: $? = 0
configure:7646: g++ -E  conftest.cpp
conftest.cpp:19:10: fatal error: ac_nonexistent.h: No such file or directory
   19 | #include <ac_nonexistent.h>
      |          ^~~~~~~~~~~~~~~~~~
compilation terminated.
configure:7646: $? = 1
configure: failed program was:
| /* confdefs.h */
| #define PACKAGE_NAME "xg/xgmain.cpp"
| #define PACKAGE_TARNAME "xg-xgmain-cpp"
| #define PACKAGE_VERSION "2.70"
| #define PACKAGE_STRING "xg/xgmain.cpp 2.70"
| #define PACKAGE_BUGREPORT ""
| #define PACKAGE_URL ""
| #define PACKAGE "xg-xgmain-cpp"
| #define VERSION "2.70"
| #define HOSTTYPE "x86_64-unknown-linux-gnu"
| #define TIME_WITH_SYS_TIME 1
| #define CXX "g++"
| #define CXX_VERSION "g++"
| #define CXX_OPTIFLAGS "-g -O2 -pipe"
| #define CXX_SHAREDLIBFLAGS "-shared"
| #define TOP_BUILDDIR "/home/rinku/CODE/xoopic"
| #define TOP_SRCDIR "/home/rinku/CODE/xoopic"
| /* end confdefs.h.  */
| #include <ac_nonexistent.h>
configure:7671: result: g++ -E
configure:7691: g++ -E  conftest.cpp
configure:7691: $? = 0
configure:7705: g++ -E  conftest.cpp
conftest.cpp:19:10: fatal error: ac_nonexistent.h: No such file or directory
   19 | #include <ac_nonexistent.h>
      |          ^~~~~~~~~~~~~~~~~~
compilation terminated.
configure:7705: $? = 1
configure: failed program was:
| /* confdefs.h */
| #define PACKAGE_NAME "xg/xgmain.cpp"
| #define PACKAGE_TARNAME "xg-xgmain-cpp"
| #define PACKAGE_VERSION "2.70"
| #define PACKAGE_STRING "xg/xgmain.cpp 2.70"
| #define PACKAGE_BUGREPORT ""
| #define PACKAGE_URL ""
| #define PACKAGE "xg-xgmain-cpp"
| #define VERSION "2.70"
| #define HOSTTYPE "x86_64-unknown-linux-gnu"
| #define TIME_WITH_SYS_TIME 1
| #define CXX "g++"
| #define CXX_VERSION "g++"
| #define CXX_OPTIFLAGS "-g -O2 -pipe"
| #define CXX_SHAREDLIBFLAGS "-shared"
| #define TOP_BUILDDIR "/home/rinku/CODE/xoopic"
| #define TOP_SRCDIR "/home/rinku/CODE/xoopic"
| /* end confdefs.h.  */
| #include <ac_nonexistent.h>
configure:7744: checking for grep that handles long lines and -e
configure:7802: result: /usr/bin/grep
configure:7807: checking for egrep
configure:7869: result: /usr/bin/grep -E
configure:7874: checking for ANSI C header files
configure:7894: g++ -c -Wall -Wno-unused  -g -O2 -pipe -g -O2 -pipe    conftest.cpp >&5
configure:7894: $? = 0
configure:7967: g++ -o conftest -Wall -Wno-unused  -g -O2 -pipe -g -O2 -pipe      conftest.cpp  >&5
configure:7967: $? = 0
configure:7967: ./conftest
configure:7967: $? = 0
configure:7978: result: yes
configure:7991: checking for sys/types.h
configure:7991: g++ -c -Wall -Wno-unused  -g -O2 -pipe -g -O2 -pipe    conftest.cpp >&5
configure:7991: $? = 0
configure:7991: result: yes
configure:7991: checking for sys/stat.h
configure:7991: g++ -c -Wall -Wno-unused  -g -O2 -pipe -g -O2 -pipe    conftest.cpp >&5
configure:7991: $? = 0
configure:7991: result: yes
configure:7991: checking for stdlib.h
configure:7991: g++ -c -Wall -Wno-unused  -g -O2 -pipe -g -O2 -pipe    conftest.cpp >&5
configure:7991: $? = 0
configure:7991: result: yes
configure:7991: checking for string.h
configure:7991: g++ -c -Wall -Wno-unused  -g -O2 -pipe -g -O2 -pipe    conftest.cpp >&5
configure:7991: $? = 0
configure:7991: result: yes
configure:7991: checking for memory.h
configure:7991: g++ -c -Wall -Wno-unused  -g -O2 -pipe -g -O2 -pipe    conftest.cpp >&5
configure:7991: $? = 0
configure:7991: result: yes
configure:7991: checking for strings.h
configure:7991: g++ -c -Wall -Wno-unused  -g -O2 -pipe -g -O2 -pipe    conftest.cpp >&5
configure:7991: $? = 0
configure:7991: result: yes
configure:7991: checking for inttypes.h
configure:7991: g++ -c -Wall -Wno-unused  -g -O2 -pipe -g -O2 -pipe    conftest.cpp >&5
configure:7991: $? = 0
configure:7991: result: yes
configure:7991: checking for stdint.h
configure:7991: g++ -c -Wall -Wno-unused  -g -O2 -pipe -g -O2 -pipe    conftest.cpp >&5
configure:7991: $? = 0
configure:7991: result: yes
configure:7991: checking for unistd.h
configure:7991: g++ -c -Wall -Wno-unused  -g -O2 -pipe -g -O2 -pipe    conftest.cpp >&5
configure:7991: $? = 0
configure:7991: result: yes
configure:8006: checking X usability
configure:8006: g++ -c -Wall -Wno-unused  -g -O2 -pipe -g -O2 -pipe    conftest.cpp >&5
conftest.cpp:62:10: fatal error: X: No such file or directory
   62 | #include <X>
      |          ^~~
compilation terminated.
configure:8006: $? = 1
configure: failed program was:
| /* confdefs.h */
| #define PACKAGE_NAME "xg/xgmain.cpp"
| #define PACKAGE_TARNAME "xg-xgmain-cpp"
| #define PACKAGE_VERSION "2.70"
| #define PACKAGE_STRING "xg/xgmain.cpp 2.70"
| #define PACKAGE_BUGREPORT ""
| #define PACKAGE_URL ""
| #define PACKAGE "xg-xgmain-cpp"
| #define VERSION "2.70"
| #define HOSTTYPE "x86_64-unknown-linux-gnu"
| #define TIME_WITH_SYS_TIME 1
| #define CXX "g++"
| #define CXX_VERSION "g++"
| #define CXX_OPTIFLAGS "-g -O2 -pipe"
| #define CXX_SHAREDLIBFLAGS "-shared"
| #define TOP_BUILDDIR "/home/rinku/CODE/xoopic"
| #define TOP_SRCDIR "/home/rinku/CODE/xoopic"
| #define STDC_HEADERS 1
| #define HAVE_SYS_TYPES_H 1
| #define HAVE_SYS_STAT_H 1
| #define HAVE_STDLIB_H 1
| #define HAVE_STRING_H 1
| #define HAVE_MEMORY_H 1
| #define HAVE_STRINGS_H 1
| #define HAVE_INTTYPES_H 1
| #define HAVE_STDINT_H 1
| #define HAVE_UNISTD_H 1
| /* end confdefs.h.  */
| #include <stdio.h>
| #ifdef HAVE_SYS_TYPES_H
| # include <sys/types.h>
| #endif
| #ifdef HAVE_SYS_STAT_H
| # include <sys/stat.h>
| #endif
| #ifdef STDC_HEADERS
| # include <stdlib.h>
| # include <stddef.h>
| #else
| # ifdef HAVE_STDLIB_H
| #  include <stdlib.h>
| # endif
| #endif
| #ifdef HAVE_STRING_H
| # if !defined STDC_HEADERS && defined HAVE_MEMORY_H
| #  include <memory.h>
| # endif
| # include <string.h>
| #endif
| #ifdef HAVE_STRINGS_H
| # include <strings.h>
| #endif
| #ifdef HAVE_INTTYPES_H
| # include <inttypes.h>
| #endif
| #ifdef HAVE_STDINT_H
| # include <stdint.h>
| #endif
| #ifdef HAVE_UNISTD_H
| # include <unistd.h>
| #endif
| #include <X>
configure:8006: result: no
configure:8006: checking X presence
configure:8006: g++ -E  conftest.cpp
conftest.cpp:29:10: fatal error: X: No such file or directory
   29 | #include <X>
      |          ^~~
compilation terminated.
configure:8006: $? = 1
configure: failed program was:
| /* confdefs.h */
| #define PACKAGE_NAME "xg/xgmain.cpp"
| #define PACKAGE_TARNAME "xg-xgmain-cpp"
| #define PACKAGE_VERSION "2.70"
| #define PACKAGE_STRING "xg/xgmain.cpp 2.70"
| #define PACKAGE_BUGREPORT ""
| #define PACKAGE_URL ""
| #define PACKAGE "xg-xgmain-cpp"
| #define VERSION "2.70"
| #define HOSTTYPE "x86_64-unknown-linux-gnu"
| #define TIME_WITH_SYS_TIME 1
| #define CXX "g++"
| #define CXX_VERSION "g++"
| #define CXX_OPTIFLAGS "-g -O2 -pipe"
| #define CXX_SHAREDLIBFLAGS "-shared"
| #define TOP_BUILDDIR "/home/rinku/CODE/xoopic"
| #define TOP_SRCDIR "/home/rinku/CODE/xoopic"
| #define STDC_HEADERS 1
| #define HAVE_SYS_TYPES_H 1
| #define HAVE_SYS_STAT_H 1
| #define HAVE_STDLIB_H 1
| #define HAVE_STRING_H 1
| #define HAVE_MEMORY_H 1
| #define HAVE_STRINGS_H 1
| #define HAVE_INTTYPES_H 1
| #define HAVE_STDINT_H 1
| #define HAVE_UNISTD_H 1
| /* end confdefs.h.  */
| #include <X>
configure:8006: result: no
configure:8006: checking for X
configure:8006: result: no
configure:8006: checking $CXX usability
configure:8006: g++ -c -Wall -Wno-unused  -g -O2 -pipe -g -O2 -pipe    conftest.cpp >&5
conftest.cpp:62:10: fatal error: $CXX: No such file or directory
   62 | #include <$CXX>
      |          ^~~~~~
compilation terminated.
configure:8006: $? = 1
configure: failed program was:
| /* confdefs.h */
| #define PACKAGE_NAME "xg/xgmain.cpp"
| #define PACKAGE_TARNAME "xg-xgmain-cpp"
| #define PACKAGE_VERSION "2.70"
| #define PACKAGE_STRING "xg/xgmain.cpp 2.70"
| #define PACKAGE_BUGREPORT ""
| #define PACKAGE_URL ""
| #define PACKAGE "xg-xgmain-cpp"
| #define VERSION "2.70"
| #define HOSTTYPE "x86_64-unknown-linux-gnu"
| #define TIME_WITH_SYS_TIME 1
| #define CXX "g++"
| #define CXX_VERSION "g++"
| #define CXX_OPTIFLAGS "-g -O2 -pipe"
| #define CXX_SHAREDLIBFLAGS "-shared"
| #define TOP_BUILDDIR "/home/rinku/CODE/xoopic"
| #define TOP_SRCDIR "/home/rinku/CODE/xoopic"
| #define STDC_HEADERS 1
| #define HAVE_SYS_TYPES_H 1
| #define HAVE_SYS_STAT_H 1
| #define HAVE_STDLIB_H 1
| #define HAVE_STRING_H 1
| #define HAVE_MEMORY_H 1
| #define HAVE_STRINGS_H 1
| #define HAVE_INTTYPES_H 1
| #define HAVE_STDINT_H 1
| #define HAVE_UNISTD_H 1
| /* end confdefs.h.  */
| #include <stdio.h>
| #ifdef HAVE_SYS_TYPES_H
| # include <sys/types.h>
| #endif
| #ifdef HAVE_SYS_STAT_H
| # include <sys/stat.h>
| #endif
| #ifdef STDC_HEADERS
| # include <stdlib.h>
| # include <stddef.h>
| #else
| # ifdef HAVE_STDLIB_H
| #  include <stdlib.h>
| # endif
| #endif
| #ifdef HAVE_STRING_H
| # if !defined STDC_HEADERS && defined HAVE_MEMORY_H
| #  include <memory.h>
| # endif
| # include <string.h>
| #endif
| #ifdef HAVE_STRINGS_H
| # include <strings.h>
| #endif
| #ifdef HAVE_INTTYPES_H
| # include <inttypes.h>
| #endif
| #ifdef HAVE_STDINT_H
| # include <stdint.h>
| #endif
| #ifdef HAVE_UNISTD_H
| # include <unistd.h>
| #endif
| #include <$CXX>
configure:8006: result: no
configure:8006: checking $CXX presence
configure:8006: g++ -E  conftest.cpp
conftest.cpp:29:10: fatal error: $CXX: No such file or directory
   29 | #include <$CXX>
      |          ^~~~~~
compilation terminated.
configure:8006: $? = 1
configure: failed program was:
| /* confdefs.h */
| #define PACKAGE_NAME "xg/xgmain.cpp"
| #define PACKAGE_TARNAME "xg-xgmain-cpp"
| #define PACKAGE_VERSION "2.70"
| #define PACKAGE_STRING "xg/xgmain.cpp 2.70"
| #define PACKAGE_BUGREPORT ""
| #define PACKAGE_URL ""
| #define PACKAGE "xg-xgmain-cpp"
| #define VERSION "2.70"
| #define HOSTTYPE "x86_64-unknown-linux-gnu"
| #define TIME_WITH_SYS_TIME 1
| #define CXX "g++"
| #define CXX_VERSION "g++"
| #define CXX_OPTIFLAGS "-g -O2 -pipe"
| #define CXX_SHAREDLIBFLAGS "-shared"
| #define TOP_BUILDDIR "/home/rinku/CODE/xoopic"
| #define TOP_SRCDIR "/home/rinku/CODE/xoopic"
| #define STDC_HEADERS 1
| #define HAVE_SYS_TYPES_H 1
| #define HAVE_SYS_STAT_H 1
| #define HAVE_STDLIB_H 1
| #define HAVE_STRING_H 1
| #define HAVE_MEMORY_H 1
| #define HAVE_STRINGS_H 1
| #define HAVE_INTTYPES_H 1
| #define HAVE_STDINT_H 1
| #define HAVE_UNISTD_H 1
| /* end confdefs.h.  */
| #include <$CXX>
configure:8006: result: no
configure:8006: checking for $CXX
configure:8006: result: no
configure:8006: checking -c usability
configure:8006: g++ -c -Wall -Wno-unused  -g -O2 -pipe -g -O2 -pipe    conftest.cpp >&5
conftest.cpp:62:10: fatal error: -c: No such file or directory
   62 | #include <-c>
      |          ^~~~
compilation terminated.
configure:8006: $? = 1
configure: failed program was:
| /* confdefs.h */
| #define PACKAGE_NAME "xg/xgmain.cpp"
| #define PACKAGE_TARNAME "xg-xgmain-cpp"
| #define PACKAGE_VERSION "2.70"
| #define PACKAGE_STRING "xg/xgmain.cpp 2.70"
| #define PACKAGE_BUGREPORT ""
| #define PACKAGE_URL ""
| #define PACKAGE "xg-xgmain-cpp"
| #define VERSION "2.70"
| #define HOSTTYPE "x86_64-unknown-linux-gnu"
| #define TIME_WITH_SYS_TIME 1
| #define CXX "g++"
| #define CXX_VERSION "g++"
| #define CXX_OPTIFLAGS "-g -O2 -pipe"
| #define CXX_SHAREDLIBFLAGS "-shared"
| #define TOP_BUILDDIR "/home/rinku/CODE/xoopic"
| #define TOP_SRCDIR "/home/rinku/CODE/xoopic"
| #define STDC_HEADERS 1
| #define HAVE_SYS_TYPES_H 1
| #define HAVE_SYS_STAT_H 1
| #define HAVE_STDLIB_H 1
| #define HAVE_STRING_H 1
| #define HAVE_MEMORY_H 1
| #define HAVE_STRINGS_H 1
| #define HAVE_INTTYPES_H 1
| #define HAVE_STDINT_H 1
| #define HAVE_UNISTD_H 1
| /* end confdefs.h.  */
| #include <stdio.h>
| #ifdef HAVE_SYS_TYPES_H
| # include <sys/types.h>
| #endif
| #ifdef HAVE_SYS_STAT_H
| # include <sys/stat.h>
| #endif
| #ifdef STDC_HEADERS
| # include <stdlib.h>
| # include <stddef.h>
| #else
| # ifdef HAVE_STDLIB_H
| #  include <stdlib.h>
| # endif
| #endif
| #ifdef HAVE_STRING_H
| # if !defined STDC_HEADERS && defined HAVE_MEMORY_H
| #  include <memory.h>
| # endif
| # include <string.h>
| #endif
| #ifdef HAVE_STRINGS_H
| # include <strings.h>
| #endif
| #ifdef HAVE_INTTYPES_H
| # include <inttypes.h>
| #endif
| #ifdef HAVE_STDINT_H
| # include <stdint.h>
| #endif
| #ifdef HAVE_UNISTD_H
| # include <unistd.h>
| #endif
| #include <-c>
configure:8006: result: no
configure:8006: checking -c presence
configure:8006: g++ -E  conftest.cpp
conftest.cpp:29:10: fatal error: -c: No such file or directory
   29 | #include <-c>
      |          ^~~~
compilation terminated.
configure:8006: $? = 1
configure: failed program was:
| /* confdefs.h */
| #define PACKAGE_NAME "xg/xgmain.cpp"
| #define PACKAGE_TARNAME "xg-xgmain-cpp"
| #define PACKAGE_VERSION "2.70"
| #define PACKAGE_STRING "xg/xgmain.cpp 2.70"
| #define PACKAGE_BUGREPORT ""
| #define PACKAGE_URL ""
| #define PACKAGE "xg-xgmain-cpp"
| #define VERSION "2.70"
| #define HOSTTYPE "x86_64-unknown-linux-gnu"
| #define TIME_WITH_SYS_TIME 1
| #define CXX "g++"
| #define CXX_VERSION "g++"
| #define CXX_OPTIFLAGS "-g -O2 -pipe"
| #define CXX_SHAREDLIBFLAGS "-shared"
| #define TOP_BUILDDIR "/home/rinku/CODE/xoopic"
| #define TOP_SRCDIR "/home/rinku/CODE/xoopic"
| #define STDC_HEADERS 1
| #define HAVE_SYS_TYPES_H 1
| #define HAVE_SYS_STAT_H 1
| #define HAVE_STDLIB_H 1
| #define HAVE_STRING_H 1
| #define HAVE_MEMORY_H 1
| #define HAVE_STRINGS_H 1
| #define HAVE_INTTYPES_H 1
| #define HAVE_STDINT_H 1
| #define HAVE_UNISTD_H 1
| /* end confdefs.h.  */
| #include <-c>
configure:8006: result: no
configure:8006: checking for -c
configure:8006: result: no
configure:8006: checking $CXXFLAGS usability
configure:8006: g++ -c -Wall -Wno-unused  -g -O2 -pipe -g -O2 -pipe    conftest.cpp >&5
conftest.cpp:62:10: fatal error: $CXXFLAGS: No such file or directory
   62 | #include <$CXXFLAGS>
      |          ^~~~~~~~~~~
compilation terminated.
configure:8006: $? = 1
configure: failed program was:
| /* confdefs.h */
| #define PACKAGE_NAME "xg/xgmain.cpp"
| #define PACKAGE_TARNAME "xg-xgmain-cpp"
| #define PACKAGE_VERSION "2.70"
| #define PACKAGE_STRING "xg/xgmain.cpp 2.70"
| #define PACKAGE_BUGREPORT ""
| #define PACKAGE_URL ""
| #define PACKAGE "xg-xgmain-cpp"
| #define VERSION "2.70"
| #define HOSTTYPE "x86_64-unknown-linux-gnu"
| #define TIME_WITH_SYS_TIME 1
| #define CXX "g++"
| #define CXX_VERSION "g++"
| #define CXX_OPTIFLAGS "-g -O2 -pipe"
| #define CXX_SHAREDLIBFLAGS "-shared"
| #define TOP_BUILDDIR "/home/rinku/CODE/xoopic"
| #define TOP_SRCDIR "/home/rinku/CODE/xoopic"
| #define STDC_HEADERS 1
| #define HAVE_SYS_TYPES_H 1
| #define HAVE_SYS_STAT_H 1
| #define HAVE_STDLIB_H 1
| #define HAVE_STRING_H 1
| #define HAVE_MEMORY_H 1
| #define HAVE_STRINGS_H 1
| #define HAVE_INTTYPES_H 1
| #define HAVE_STDINT_H 1
| #define HAVE_UNISTD_H 1
| /* end confdefs.h.  */
| #include <stdio.h>
| #ifdef HAVE_SYS_TYPES_H
| # include <sys/types.h>
| #endif
| #ifdef HAVE_SYS_STAT_H
| # include <sys/stat.h>
| #endif
| #ifdef STDC_HEADERS
| # include <stdlib.h>
| # include <stddef.h>
| #else
| # ifdef HAVE_STDLIB_H
| #  include <stdlib.h>
| # endif
| #endif
| #ifdef HAVE_STRING_H
| # if !defined STDC_HEADERS && defined HAVE_MEMORY_H
| #  include <memory.h>
| # endif
| # include <string.h>
| #endif
| #ifdef HAVE_STRINGS_H
| # include <strings.h>
| #endif
| #ifdef HAVE_INTTYPES_H
| # include <inttypes.h>
| #endif
| #ifdef HAVE_STDINT_H
| # include <stdint.h>
| #endif
| #ifdef HAVE_UNISTD_H
| # include <unistd.h>
| #endif
| #include <$CXXFLAGS>
configure:8006: result: no
configure:8006: checking $CXXFLAGS presence
configure:8006: g++ -E  conftest.cpp
conftest.cpp:29:10: fatal error: $CXXFLAGS: No such file or directory
   29 | #include <$CXXFLAGS>
      |          ^~~~~~~~~~~
compilation terminated.
configure:8006: $? = 1
configure: failed program was:
| /* confdefs.h */
| #define PACKAGE_NAME "xg/xgmain.cpp"
| #define PACKAGE_TARNAME "xg-xgmain-cpp"
| #define PACKAGE_VERSION "2.70"
| #define PACKAGE_STRING "xg/xgmain.cpp 2.70"
| #define PACKAGE_BUGREPORT ""
| #define PACKAGE_URL ""
| #define PACKAGE "xg-xgmain-cpp"
| #define VERSION "2.70"
| #define HOSTTYPE "x86_64-unknown-linux-gnu"
| #define TIME_WITH_SYS_TIME 1
| #define CXX "g++"
| #define CXX_VERSION "g++"
| #define CXX_OPTIFLAGS "-g -O2 -pipe"
| #define CXX_SHAREDLIBFLAGS "-shared"
| #define TOP_BUILDDIR "/home/rinku/CODE/xoopic"
| #define TOP_SRCDIR "/home/rinku/CODE/xoopic"
| #define STDC_HEADERS 1
| #define HAVE_SYS_TYPES_H 1
| #define HAVE_SYS_STAT_H 1
| #define HAVE_STDLIB_H 1
| #define HAVE_STRING_H 1
| #define HAVE_MEMORY_H 1
| #define HAVE_STRINGS_H 1
| #define HAVE_INTTYPES_H 1
| #define HAVE_STDINT_H 1
| #define HAVE_UNISTD_H 1
| /* end confdefs.h.  */
| #include <$CXXFLAGS>
configure:8006: result: no
configure:8006: checking for $CXXFLAGS
configure:8006: result: no
configure:8006: checking $CPPFLAGS usability
configure:8006: g++ -c -Wall -Wno-unused  -g -O2 -pipe -g -O2 -pipe    conftest.cpp >&5
conftest.cpp:62:10: fatal error: $CPPFLAGS: No such file or directory
   62 | #include <$CPPFLAGS>
      |          ^~~~~~~~~~~
compilation terminated.
configure:8006: $? = 1
configure: failed program was:
| /* confdefs.h */
| #define PACKAGE_NAME "xg/xgmain.cpp"
| #define PACKAGE_TARNAME "xg-xgmain-cpp"
| #define PACKAGE_VERSION "2.70"
| #define PACKAGE_STRING "xg/xgmain.cpp 2.70"
| #define PACKAGE_BUGREPORT ""
| #define PACKAGE_URL ""
| #define PACKAGE "xg-xgmain-cpp"
| #define VERSION "2.70"
| #define HOSTTYPE "x86_64-unknown-linux-gnu"
| #define TIME_WITH_SYS_TIME 1
| #define CXX "g++"
| #define CXX_VERSION "g++"
| #define CXX_OPTIFLAGS "-g -O2 -pipe"
| #define CXX_SHAREDLIBFLAGS "-shared"
| #define TOP_BUILDDIR "/home/rinku/CODE/xoopic"
| #define TOP_SRCDIR "/home/rinku/CODE/xoopic"
| #define STDC_HEADERS 1
| #define HAVE_SYS_TYPES_H 1
| #define HAVE_SYS_STAT_H 1
| #define HAVE_STDLIB_H 1
| #define HAVE_STRING_H 1
| #define HAVE_MEMORY_H 1
| #define HAVE_STRINGS_H 1
| #define HAVE_INTTYPES_H 1
| #define HAVE_STDINT_H 1
| #define HAVE_UNISTD_H 1
| /* end confdefs.h.  */
| #include <stdio.h>
| #ifdef HAVE_SYS_TYPES_H
| # include <sys/types.h>
| #endif
| #ifdef HAVE_SYS_STAT_H
| # include <sys/stat.h>
| #endif
| #ifdef STDC_HEADERS
| # include <stdlib.h>
| # include <stddef.h>
| #else
| # ifdef HAVE_STDLIB_H
| #  include <stdlib.h>
| # endif
| #endif
| #ifdef HAVE_STRING_H
| # if !defined STDC_HEADERS && defined HAVE_MEMORY_H
| #  include <memory.h>
| # endif
| # include <string.h>
| #endif
| #ifdef HAVE_STRINGS_H
| # include <strings.h>
| #endif
| #ifdef HAVE_INTTYPES_H
| # include <inttypes.h>
| #endif
| #ifdef HAVE_STDINT_H
| # include <stdint.h>
| #endif
| #ifdef HAVE_UNISTD_H
| # include <unistd.h>
| #endif
| #include <$CPPFLAGS>
configure:8006: result: no
configure:8006: checking $CPPFLAGS presence
configure:8006: g++ -E  conftest.cpp
conftest.cpp:29:10: fatal error: $CPPFLAGS: No such file or directory
   29 | #include <$CPPFLAGS>
      |          ^~~~~~~~~~~
compilation terminated.
configure:8006: $? = 1
configure: failed program was:
| /* confdefs.h */
| #define PACKAGE_NAME "xg/xgmain.cpp"
| #define PACKAGE_TARNAME "xg-xgmain-cpp"
| #define PACKAGE_VERSION "2.70"
| #define PACKAGE_STRING "xg/xgmain.cpp 2.70"
| #define PACKAGE_BUGREPORT ""
| #define PACKAGE_URL ""
| #define PACKAGE "xg-xgmain-cpp"
| #define VERSION "2.70"
| #define HOSTTYPE "x86_64-unknown-linux-gnu"
| #define TIME_WITH_SYS_TIME 1
| #define CXX "g++"
| #define CXX_VERSION "g++"
| #define CXX_OPTIFLAGS "-g -O2 -pipe"
| #define CXX_SHAREDLIBFLAGS "-shared"
| #define TOP_BUILDDIR "/home/rinku/CODE/xoopic"
| #define TOP_SRCDIR "/home/rinku/CODE/xoopic"
| #define STDC_HEADERS 1
| #define HAVE_SYS_TYPES_H 1
| #define HAVE_SYS_STAT_H 1
| #define HAVE_STDLIB_H 1
| #define HAVE_STRING_H 1
| #define HAVE_MEMORY_H 1
| #define HAVE_STRINGS_H 1
| #define HAVE_INTTYPES_H 1
| #define HAVE_STDINT_H 1
| #define HAVE_UNISTD_H 1
| /* end confdefs.h.  */
| #include <$CPPFLAGS>
configure:8006: result: no
configure:8006: checking for $CPPFLAGS
configure:8006: result: no
configure:8006: checking conftest.$ac_ext usability
configure:8006: g++ -c -Wall -Wno-unused  -g -O2 -pipe -g -O2 -pipe    conftest.cpp >&5
conftest.cpp:62:10: fatal error: conftest.$ac_ext: No such file or directory
   62 | #include <conftest.$ac_ext>
      |          ^~~~~~~~~~~~~~~~~~
compilation terminated.
configure:8006: $? = 1
configure: failed program was:
| /* confdefs.h */
| #define PACKAGE_NAME "xg/xgmain.cpp"
| #define PACKAGE_TARNAME "xg-xgmain-cpp"
| #define PACKAGE_VERSION "2.70"
| #define PACKAGE_STRING "xg/xgmain.cpp 2.70"
| #define PACKAGE_BUGREPORT ""
| #define PACKAGE_URL ""
| #define PACKAGE "xg-xgmain-cpp"
| #define VERSION "2.70"
| #define HOSTTYPE "x86_64-unknown-linux-gnu"
| #define TIME_WITH_SYS_TIME 1
| #define CXX "g++"
| #define CXX_VERSION "g++"
| #define CXX_OPTIFLAGS "-g -O2 -pipe"
| #define CXX_SHAREDLIBFLAGS "-shared"
| #define TOP_BUILDDIR "/home/rinku/CODE/xoopic"
| #define TOP_SRCDIR "/home/rinku/CODE/xoopic"
| #define STDC_HEADERS 1
| #define HAVE_SYS_TYPES_H 1
| #define HAVE_SYS_STAT_H 1
| #define HAVE_STDLIB_H 1
| #define HAVE_STRING_H 1
| #define HAVE_MEMORY_H 1
| #define HAVE_STRINGS_H 1
| #define HAVE_INTTYPES_H 1
| #define HAVE_STDINT_H 1
| #define HAVE_UNISTD_H 1
| /* end confdefs.h.  */
| #include <stdio.h>
| #ifdef HAVE_SYS_TYPES_H
| # include <sys/types.h>
| #endif
| #ifdef HAVE_SYS_STAT_H
| # include <sys/stat.h>
| #endif
| #ifdef STDC_HEADERS
| # include <stdlib.h>
| # include <stddef.h>
| #else
| # ifdef HAVE_STDLIB_H
| #  include <stdlib.h>
| # endif
| #endif
| #ifdef HAVE_STRING_H
| # if !defined STDC_HEADERS && defined HAVE_MEMORY_H
| #  include <memory.h>
| # endif
| # include <string.h>
| #endif
| #ifdef HAVE_STRINGS_H
| # include <strings.h>
| #endif
| #ifdef HAVE_INTTYPES_H
| # include <inttypes.h>
| #endif
| #ifdef HAVE_STDINT_H
| # include <stdint.h>
| #endif
| #ifdef HAVE_UNISTD_H
| # include <unistd.h>
| #endif
| #include <conftest.$ac_ext>
configure:8006: result: no
configure:8006: checking conftest.$ac_ext presence
configure:8006: g++ -E  conftest.cpp
conftest.cpp:29:10: fatal error: conftest.$ac_ext: No such file or directory
   29 | #include <conftest.$ac_ext>
      |          ^~~~~~~~~~~~~~~~~~
compilation terminated.
configure:8006: $? = 1
configure: failed program was:
| /* confdefs.h */
| #define PACKAGE_NAME "xg/xgmain.cpp"
| #define PACKAGE_TARNAME "xg-xgmain-cpp"
| #define PACKAGE_VERSION "2.70"
| #define PACKAGE_STRING "xg/xgmain.cpp 2.70"
| #define PACKAGE_BUGREPORT ""
| #define PACKAGE_URL ""
| #define PACKAGE "xg-xgmain-cpp"
| #define VERSION "2.70"
| #define HOSTTYPE "x86_64-unknown-linux-gnu"
| #define TIME_WITH_SYS_TIME 1
| #define CXX "g++"
| #define CXX_VERSION "g++"
| #define CXX_OPTIFLAGS "-g -O2 -pipe"
| #define CXX_SHAREDLIBFLAGS "-shared"
| #define TOP_BUILDDIR "/home/rinku/CODE/xoopic"
| #define TOP_SRCDIR "/home/rinku/CODE/xoopic"
| #define STDC_HEADERS 1
| #define HAVE_SYS_TYPES_H 1
| #define HAVE_SYS_STAT_H 1
| #define HAVE_STDLIB_H 1
| #define HAVE_STRING_H 1
| #define HAVE_MEMORY_H 1
| #define HAVE_STRINGS_H 1
| #define HAVE_INTTYPES_H 1
| #define HAVE_STDINT_H 1
| #define HAVE_UNISTD_H 1
| /* end confdefs.h.  */
| #include <conftest.$ac_ext>
configure:8006: result: no
configure:8006: checking for conftest.$ac_ext
configure:8006: result: no
configure:8006: checking >&5 usability
configure:8006: g++ -c -Wall -Wno-unused  -g -O2 -pipe -g -O2 -pipe    conftest.cpp >&5
conftest.cpp:62:12: warning: extra tokens at end of #include directive
   62 | #include <>&5>
      |            ^
conftest.cpp:62:10: error: empty filename in #include
   62 | #include <>&5>
      |          ^~
configure:8006: $? = 1
configure: failed program was:
| /* confdefs.h */
| #define PACKAGE_NAME "xg/xgmain.cpp"
| #define PACKAGE_TARNAME "xg-xgmain-cpp"
| #define PACKAGE_VERSION "2.70"
| #define PACKAGE_STRING "xg/xgmain.cpp 2.70"
| #define PACKAGE_BUGREPORT ""
| #define PACKAGE_URL ""
| #define PACKAGE "xg-xgmain-cpp"
| #define VERSION "2.70"
| #define HOSTTYPE "x86_64-unknown-linux-gnu"
| #define TIME_WITH_SYS_TIME 1
| #define CXX "g++"
| #define CXX_VERSION "g++"
| #define CXX_OPTIFLAGS "-g -O2 -pipe"
| #define CXX_SHAREDLIBFLAGS "-shared"
| #define TOP_BUILDDIR "/home/rinku/CODE/xoopic"
| #define TOP_SRCDIR "/home/rinku/CODE/xoopic"
| #define STDC_HEADERS 1
| #define HAVE_SYS_TYPES_H 1
| #define HAVE_SYS_STAT_H 1
| #define HAVE_STDLIB_H 1
| #define HAVE_STRING_H 1
| #define HAVE_MEMORY_H 1
| #define HAVE_STRINGS_H 1
| #define HAVE_INTTYPES_H 1
| #define HAVE_STDINT_H 1
| #define HAVE_UNISTD_H 1
| /* end confdefs.h.  */
| #include <stdio.h>
| #ifdef HAVE_SYS_TYPES_H
| # include <sys/types.h>
| #endif
| #ifdef HAVE_SYS_STAT_H
| # include <sys/stat.h>
| #endif
| #ifdef STDC_HEADERS
| # include <stdlib.h>
| # include <stddef.h>
| #else
| # ifdef HAVE_STDLIB_H
| #  include <stdlib.h>
| # endif
| #endif
| #ifdef HAVE_STRING_H
| # if !defined STDC_HEADERS && defined HAVE_MEMORY_H
| #  include <memory.h>
| # endif
| # include <string.h>
| #endif
| #ifdef HAVE_STRINGS_H
| # include <strings.h>
| #endif
| #ifdef HAVE_INTTYPES_H
| # include <inttypes.h>
| #endif
| #ifdef HAVE_STDINT_H
| # include <stdint.h>
| #endif
| #ifdef HAVE_UNISTD_H
| # include <unistd.h>
| #endif
| #include <>&5>
configure:8006: result: no
configure:8006: checking >&5 presence
configure:8006: g++ -E  conftest.cpp
conftest.cpp:29:12: warning: extra tokens at end of #include directive
   29 | #include <>&5>
      |            ^
conftest.cpp:29:10: error: empty filename in #include
   29 | #include <>&5>
      |          ^~
configure:8006: $? = 1
configure: failed program was:
| /* confdefs.h */
| #define PACKAGE_NAME "xg/xgmain.cpp"
| #define PACKAGE_TARNAME "xg-xgmain-cpp"
| #define PACKAGE_VERSION "2.70"
| #define PACKAGE_STRING "xg/xgmain.cpp 2.70"
| #define PACKAGE_BUGREPORT ""
| #define PACKAGE_URL ""
| #define PACKAGE "xg-xgmain-cpp"
| #define VERSION "2.70"
| #define HOSTTYPE "x86_64-unknown-linux-gnu"
| #define TIME_WITH_SYS_TIME 1
| #define CXX "g++"
| #define CXX_VERSION "g++"
| #define CXX_OPTIFLAGS "-g -O2 -pipe"
| #define CXX_SHAREDLIBFLAGS "-shared"
| #define TOP_BUILDDIR "/home/rinku/CODE/xoopic"
| #define TOP_SRCDIR "/home/rinku/CODE/xoopic"
| #define STDC_HEADERS 1
| #define HAVE_SYS_TYPES_H 1
| #define HAVE_SYS_STAT_H 1
| #define HAVE_STDLIB_H 1
| #define HAVE_STRING_H 1
| #define HAVE_MEMORY_H 1
| #define HAVE_STRINGS_H 1
| #define HAVE_INTTYPES_H 1
| #define HAVE_STDINT_H 1
| #define HAVE_UNISTD_H 1
| /* end confdefs.h.  */
| #include <>&5>
configure:8006: result: no
configure:8006: checking for >&5
configure:8006: result: no
configure:8024: checking for size_t
configure:8024: gcc -c -Wall -Wno-unused -Wno-uninitialized  -O2 -g -pipe -O2 -g -pipe   conftest.c >&5
configure:8024: $? = 0
configure:8024: gcc -c -Wall -Wno-unused -Wno-uninitialized  -O2 -g -pipe -O2 -g -pipe   conftest.c >&5
conftest.c: In function 'main':
conftest.c:65:21: error: expected expression before ')' token
   65 | if (sizeof ((size_t)))
      |                     ^
configure:8024: $? = 1
configure: failed program was:
| /* confdefs.h */
| #define PACKAGE_NAME "xg/xgmain.cpp"
| #define PACKAGE_TARNAME "xg-xgmain-cpp"
| #define PACKAGE_VERSION "2.70"
| #define PACKAGE_STRING "xg/xgmain.cpp 2.70"
| #define PACKAGE_BUGREPORT ""
| #define PACKAGE_URL ""
| #define PACKAGE "xg-xgmain-cpp"
| #define VERSION "2.70"
| #define HOSTTYPE "x86_64-unknown-linux-gnu"
| #define TIME_WITH_SYS_TIME 1
| #define CXX "g++"
| #define CXX_VERSION "g++"
| #define CXX_OPTIFLAGS "-g -O2 -pipe"
| #define CXX_SHAREDLIBFLAGS "-shared"
| #define TOP_BUILDDIR "/home/rinku/CODE/xoopic"
| #define TOP_SRCDIR "/home/rinku/CODE/xoopic"
| #define STDC_HEADERS 1
| #define HAVE_SYS_TYPES_H 1
| #define HAVE_SYS_STAT_H 1
| #define HAVE_STDLIB_H 1
| #define HAVE_STRING_H 1
| #define HAVE_MEMORY_H 1
| #define HAVE_STRINGS_H 1
| #define HAVE_INTTYPES_H 1
| #define HAVE_STDINT_H 1
| #define HAVE_UNISTD_H 1
| /* end confdefs.h.  */
| #include <stdio.h>
| #ifdef HAVE_SYS_TYPES_H
| # include <sys/types.h>
| #endif
| #ifdef HAVE_SYS_STAT_H
| # include <sys/stat.h>
| #endif
| #ifdef STDC_HEADERS
| # include <stdlib.h>
| # include <stddef.h>
| #else
| # ifdef HAVE_STDLIB_H
| #  include <stdlib.h>
| # endif
| #endif
| #ifdef HAVE_STRING_H
| # if !defined STDC_HEADERS && defined HAVE_MEMORY_H
| #  include <memory.h>
| # endif
| # include <string.h>
| #endif
| #ifdef HAVE_STRINGS_H
| # include <strings.h>
| #endif
| #ifdef HAVE_INTTYPES_H
| # include <inttypes.h>
| #endif
| #ifdef HAVE_STDINT_H
| # include <stdint.h>
| #endif
| #ifdef HAVE_UNISTD_H
| # include <unistd.h>
| #endif
| int
| main ()
| {
| if (sizeof ((size_t)))
| 	    return 0;
|   ;
|   return 0;
| }
configure:8024: result: yes
configure:8035: checking whether struct tm is in sys/time.h or time.h
configure:8055: gcc -c -Wall -Wno-unused -Wno-uninitialized  -O2 -g -pipe -O2 -g -pipe   conftest.c >&5
configure:8055: $? = 0
configure:8062: result: time.h
configure:8081: checking whether c++ compiler supports exception handling
configure:8102: g++ -c -Wall -Wno-unused  -g -O2 -pipe -g -O2 -pipe    conftest.cpp >&5
configure:8105: $? = 0
configure:8123: result: yes
configure:8133: checking whether c++ compiler supports typename
configure:8155: g++ -c -Wall -Wno-unused  -g -O2 -pipe -g -O2 -pipe    conftest.cpp >&5
configure:8158: $? = 0
configure:8176: result: yes
configure:8186: checking whether c++ compiler can explicitly instantiate templates
configure:8206: g++ -c -Wall -Wno-unused  -g -O2 -pipe -g -O2 -pipe    conftest.cpp >&5
configure:8209: $? = 0
configure:8227: result: yes
configure:8237: checking whether c++ compiler supports RTTI
configure:8259: g++ -c -Wall -Wno-unused  -g -O2 -pipe -g -O2 -pipe    conftest.cpp >&5
configure:8262: $? = 0
configure:8280: result: yes
configure:8291: checking whether c++ compiler supports namespaces
configure:8311: g++ -c -Wall -Wno-unused  -g -O2 -pipe -g -O2 -pipe    conftest.cpp >&5
configure:8314: $? = 0
configure:8332: result: yes
configure:8345: checking whether c++ compiler has complex in the namespace std
configure:8366: g++ -c -Wall -Wno-unused  -g -O2 -pipe -g -O2 -pipe    conftest.cpp >&5
configure:8369: $? = 0
configure:8387: result: yes
configure:8401: checking whether c++ compiler has streams in the namespace std
configure:8424: g++ -c -Wall -Wno-unused  -g -O2 -pipe -g -O2 -pipe    conftest.cpp >&5
configure:8427: $? = 0
configure:8453: result: yes
configure:8467: checking whether c++ compiler can overload const type conversions
configure:8491: g++ -c -Wall -Wno-unused  -g -O2 -pipe -g -O2 -pipe    conftest.cpp >&5
configure:8494: $? = 0
configure:8518: g++ -c -Wall -Wno-unused  -g -O2 -pipe -g -O2 -pipe    conftest.cpp >&5
configure:8521: $? = 0
configure:8540: result: yes
configure:8551: checking whether c++ compiler knows mutable
configure:8571: g++ -c -Wall -Wno-unused  -g -O2 -pipe -g -O2 -pipe    conftest.cpp >&5
configure:8574: $? = 0
configure:8592: result: yes
configure:8603: checking whether template friends need brackets
configure:8625: g++ -c -Wall -Wno-unused  -g -O2 -pipe -g -O2 -pipe    conftest.cpp >&5
configure:8628: $? = 0
configure:8646: result: yes
configure:8657: checking whether nontype template operators are allowed
configure:8681: g++ -c -Wall -Wno-unused  -g -O2 -pipe -g -O2 -pipe    conftest.cpp >&5
configure:8703:23: error: declaration of 'operator<<' as non-function
 8703 | #line 8700 "configure"
      |                       ^ 
configure:8703:23: error: expected ';' at end of member declaration
 8703 | #line 8700 "configure"
      |                       ^ 
      |                         ;
configure:8703:26: error: expected unqualified-id before '<' token
 8703 | #line 8700 "configure"
      |                          ^
configure:8684: $? = 1
configure:8702: result: no
configure:8713: checking whether static variables can be declared generally
configure:8792: g++ -o conftest -Wall -Wno-unused  -g -O2 -pipe -g -O2 -pipe      conftest.cpp  >&5
configure:8792: $? = 0
configure:8806: result: yes
configure:9424: checking whether make sets $(MAKE)
configure:9446: result: yes
configure:9456: checking whether ln -s works
configure:9460: result: yes
configure:9510: checking for ranlib
configure:9526: found /usr/bin/ranlib
configure:9537: result: ranlib
configure:9561: checking what the library suffix is
configure:9567: result: .a
configure:9571: checking how to install libraries
configure:9583: result: with ${INSTALL} -m 644
configure:9707: checking for libXpm.a
configure:9741: result: no
configure:9707: checking for libXpm.so
configure:9741: result: no
configure:9753: WARNING: Please compile and install XPM or use --with-xpm=XPMDIR to use XPM
configure:9904: checking for SCALAR in /usr/local/xgrafix/include/xgscalar.h
configure:9909: result: #define SCALAR float
configure:10023: checking for tclsh
configure:10042: found /usr/bin/tclsh
configure:10054: result: /usr/bin/tclsh
configure:10124: checking for tkConfig.sh
configure:10145: result: /usr/lib/tkConfig.sh
configure:10162: checking for libtcl8.6.a
configure:10181: found /usr/lib/x86_64-linux-gnu/libtcl8.6.a
configure:10193: result: /usr/lib/x86_64-linux-gnu/libtcl8.6.a
configure:10264: checking for libtk8.6.a
configure:10283: found /usr/lib/x86_64-linux-gnu/libtk8.6.a
configure:10295: result: /usr/lib/x86_64-linux-gnu/libtk8.6.a
configure:10395: checking for up-to-date Tcl version in tcl.h
configure:10447: result: 8.6
configure:10463: checking for up-to-date Tk version in tk.h
In file included from conftest.c:34:
/usr/include/tcl/tk.h:19:10: fatal error: tcl.h: No such file or directory
   19 | #include <tcl.h>
      |          ^~~~~~~
compilation terminated.
configure:10481: result: 8.6
configure:10564: checking for fftw3.h
configure:10582: found /usr/include/fftw3.h
configure:10601: result: /usr/include/fftw3.h
configure:10646: checking for libfftw3.a
configure:10665: found /usr/lib/x86_64-linux-gnu/libfftw3.a
configure:10684: result: /usr/lib/x86_64-linux-gnu/libfftw3.a
configure:10742: checking for sfftw.h
configure:10775: result: no
configure:10785: WARNING: sfftw.h not found in /home/rinku/include:/usr/local/fftw/include:/loc/fftw/include:/local/fftw/include:/usr/common/usg/include:/usr/include.  Set location with --with-sfftw-incdir=
configure:11068: checking that generated files are newer than configure
configure:11074: result: done
configure:11109: creating ./config.status

## ---------------------- ##
## Running config.status. ##
## ---------------------- ##

This file was extended by xg/xgmain.cpp config.status 2.70, which was
generated by GNU Autoconf 2.69.  Invocation command line was

  CONFIG_FILES    = 
  CONFIG_HEADERS  = 
  CONFIG_LINKS    = 
  CONFIG_COMMANDS = 
  $ ./config.status 

on rinku-tslcpp

config.status:996: creating Makefile
config.status:996: creating otools/Makefile
config.status:996: creating advisor/Makefile
config.status:996: creating physics/Makefile
config.status:996: creating xg/Makefile
config.status:996: creating config/Makefile
config.status:996: creating ./config.h
config.status:1225: executing depfiles commands

## ---------------- ##
## Cache variables. ##
## ---------------- ##

ac_cv_build=x86_64-unknown-linux-gnu
ac_cv_c_compiler_gnu=yes
ac_cv_const_type_conversion_overload=yes
ac_cv_cxx_compiler_gnu=yes
ac_cv_disable_fftw=no
ac_cv_env_CCC_set=
ac_cv_env_CCC_value=
ac_cv_env_CC_set=
ac_cv_env_CC_value=
ac_cv_env_CFLAGS_set=
ac_cv_env_CFLAGS_value=
ac_cv_env_CPPFLAGS_set=
ac_cv_env_CPPFLAGS_value=
ac_cv_env_CPP_set=
ac_cv_env_CPP_value=
ac_cv_env_CXXCPP_set=
ac_cv_env_CXXCPP_value=
ac_cv_env_CXXFLAGS_set=
ac_cv_env_CXXFLAGS_value=
ac_cv_env_CXX_set=
ac_cv_env_CXX_value=
ac_cv_env_LDFLAGS_set=
ac_cv_env_LDFLAGS_value=
ac_cv_env_LIBS_set=
ac_cv_env_LIBS_value=
ac_cv_env_build_alias_set=
ac_cv_env_build_alias_value=
ac_cv_env_host_alias_set=
ac_cv_env_host_alias_value=
ac_cv_env_target_alias_set=
ac_cv_env_target_alias_value=
ac_cv_exception_handling=yes
ac_cv_explicit_templates=yes
ac_cv_generally_declared_statics=yes
ac_cv_have_dfftw=yes
ac_cv_have_hdf5=no
ac_cv_have_sfftw=no
ac_cv_header_X=no
ac_cv_header__CPPFLAGS=no
ac_cv_header__CXX=no
ac_cv_header__CXXFLAGS=no
ac_cv_header___5=no
ac_cv_header__c=no
ac_cv_header_conftest__ac_ext=no
ac_cv_header_inttypes_h=yes
ac_cv_header_memory_h=yes
ac_cv_header_stdc=yes
ac_cv_header_stdint_h=yes
ac_cv_header_stdlib_h=yes
ac_cv_header_string_h=yes
ac_cv_header_strings_h=yes
ac_cv_header_sys_stat_h=yes
ac_cv_header_sys_types_h=yes
ac_cv_header_time=yes
ac_cv_header_unistd_h=yes
ac_cv_host=x86_64-unknown-linux-gnu
ac_cv_mutable=yes
ac_cv_namespaces=yes
ac_cv_nontype_template_operators=no
ac_cv_objext=o
ac_cv_path_ABSCC=/usr/bin/gcc
ac_cv_path_ABSCXX=/usr/bin/g++
ac_cv_path_DFFTW_H=/usr/include/fftw3.h
ac_cv_path_EGREP='/usr/bin/grep -E'
ac_cv_path_GREP=/usr/bin/grep
ac_cv_path_LIBDFFTW_A=/usr/lib/x86_64-linux-gnu/libfftw3.a
ac_cv_path_TCL_LIBDIR_PATH=/usr/lib/x86_64-linux-gnu/libtcl8.6.a
ac_cv_path_TK_LIBDIR_PATH=/usr/lib/x86_64-linux-gnu/libtk8.6.a
ac_cv_path_install='/usr/bin/install -c'
ac_cv_path_mkdir=/usr/bin/mkdir
ac_cv_path_tclsh=/usr/bin/tclsh
ac_cv_prog_AWK=mawk
ac_cv_prog_CPP='gcc -E'
ac_cv_prog_CXXCPP='g++ -E'
ac_cv_prog_ac_ct_CC=gcc
ac_cv_prog_ac_ct_RANLIB=ranlib
ac_cv_prog_cc_c89=
ac_cv_prog_cc_g=yes
ac_cv_prog_cxx_g=yes
ac_cv_prog_make_make_set=yes
ac_cv_rtti=yes
ac_cv_search_strerror='none required'
ac_cv_std_complex=yes
ac_cv_std_streams=yes
ac_cv_struct_tm=time.h
ac_cv_template_friends_need_brackets=yes
ac_cv_type_size_t=yes
ac_cv_typename=yes
am_cv_CC_dependencies_compiler_type=gcc3
am_cv_CXX_dependencies_compiler_type=gcc3
am_cv_make_support_nested_variables=yes

## ----------------- ##
## Output variables. ##
## ----------------- ##

ABSCC='/usr/bin/gcc'
ABSCXX='/usr/bin/g++'
ABSMPICC=''
ABSMPICXX=''
ABSMPIF77=''
ABSMPIF90=''
ACLOCAL='aclocal-1.13'
AMDEPBACKSLASH='\'
AMDEP_FALSE='#'
AMDEP_TRUE=''
AMTAR='tar'
AM_BACKSLASH='\'
AM_DEFAULT_V='$(AM_DEFAULT_VERBOSITY)'
AM_DEFAULT_VERBOSITY='1'
AM_V='$(V)'
AR='ar cr'
ARFLAGS=' '
AR_FLAGS=' '
AUTOCONF='autoconf'
AUTOHEADER='autoheader'
AUTOMAKE='/home/rinku/CODE/xoopic/config/automake.sh'
AWK='mawk'
CC='gcc'
CCDEPMODE='depmode=gcc3'
CFLAGS='-Wall -Wno-unused -Wno-uninitialized  -O2 -g -pipe -O2 -g -pipe  -DUSE_INTERP_RESULT'
CMODULELIBS=''
COMPDIR='gcc3.1'
CPP='gcc -E'
CPPFLAGS=''
CRAY_INSTANTIATE=''
CXX='g++'
CXXCOMP='g++'
CXXCPP='g++ -E'
CXXDEP='g++ -M >depend.u'
CXXDEPFLAGS='-M'
CXXDEPMODE='depmode=gcc3'
CXXFLAGS='-Wall -Wno-unused  -g -O2 -pipe -g -O2 -pipe  '
CXXMODULELIBS=''
CXX_FLAGS=''
CXX_LIBDIR='/usr/lib/gcc/x86_64-linux-gnu/9'
CXX_LIBFLAG='-Wl,-rpath,/usr/lib/gcc/x86_64-linux-gnu/9'
CXX_LTLIBFLAG='-rpath /usr/lib/gcc/x86_64-linux-gnu/9'
CXX_OPTIFLAGS='-g -O2 -pipe'
CXX_PIC_FLAG='-fPIC'
CXX_REPOSITORY=''
CYGPATH_W='echo'
C_FLAGS=''
C_OPTIFLAGS='-O2 -g -pipe'
C_PIC_FLAG='-fPIC'
DB_LIB='-ldb'
DEFINE_MPI=''
DEFINE_MPI_DEBUG=''
DEFINE_NOX=''
DEFINE_SCALAR=''
DEFS='-DHAVE_CONFIG_H'
DEPDIR='.deps'
DFFTW_H='/usr/include/fftw3.h'
DFFTW_INC='-I/usr/include'
DFFTW_INCDIR='/usr/include'
DFFTW_LIB='-L/usr/lib/x86_64-linux-gnu -lrfftw -lfftw -lm'
DFFTW_LIBDIR='/usr/lib/x86_64-linux-gnu'
DYNLINK_LIB='-ldl'
ECHO_C=''
ECHO_N='-n'
ECHO_T=''
EGREP='/usr/bin/grep -E'
EXEEXT=''
FFTW_INC=''
FFTW_INCDIR=''
FFTW_LIB=''
GPFS_LIB=''
GREP='/usr/bin/grep'
H5DIFF=''
HAVE_BUNDLES='false'
HDF5_DIR=''
HDF5_H=''
HDF5_INC=''
HDF5_INCDIR='.'
HDF5_INCDIR_SERIAL=''
HDF5_INCLUDES=''
HDF5_LIB=''
HDF5_LIBDIR='.'
HDF5_LIBDIR_SERIAL=''
HDF5_LIBS=''
HDF5_LIBS_SERIAL=''
INSTALL_DATA='${INSTALL} -m 644'
INSTALL_LIBRARY='${INSTALL} -m 644'
INSTALL_PROGRAM='${INSTALL}'
INSTALL_SCRIPT='${INSTALL}'
INSTALL_STRIP_PROGRAM='$(install_sh) -c -s'
LDFLAGS=' '
LDWITHMODULE='g++ -Wl,-export-dynamic'
LDWITHMODULE_FLAGS='-Wl,-export-dynamic'
LIBDFFTW_A='/usr/lib/x86_64-linux-gnu/libfftw3.a'
LIBEXT='.a'
LIBHDF5=''
LIBOBJS=''
LIBS=''
LIBSFFTW_A=''
LINKCMODULE='gcc -shared '
LINKCMODULE_FLAGS='-shared '
LINKCXXMODULE='g++ -shared '
LINKCXXMODULE_FLAGS='-shared '
LINK_DYNAMIC='-Wl,-Bdynamic'
LINK_STATIC='-Wl,-Bstatic'
LN_S='ln -s'
LTLIBOBJS=''
MAINT='#'
MAINTAINER_MODE_FALSE=''
MAINTAINER_MODE_TRUE='#'
MAKEINFO='makeinfo'
MKDIR_P='/usr/bin/mkdir -p'
MPICC=''
MPICXX=''
MPIF77=''
MPIF90=''
MPI_INCDIR=''
MPI_LIBDIR=''
MPI_RUNLIBFLAG=''
NET_LIBS=''
OBJEXT='o'
OOPIC_TOP_SRCDIR='/home/rinku/CODE/xoopic'
PACKAGE='xg-xgmain-cpp'
PACKAGE_BUGREPORT=''
PACKAGE_NAME='xg/xgmain.cpp'
PACKAGE_STRING='xg/xgmain.cpp 2.70'
PACKAGE_TARNAME='xg-xgmain-cpp'
PACKAGE_URL=''
PACKAGE_VERSION='2.70'
PATH_SEPARATOR=':'
PIC_FLAG='-fpic'
PURIFY_DEFINE=''
PURIFY_PATH=''
RANLIB='ranlib'
RPATH_FLAG='-Wl,-rpath,'
SERIALCC='gcc'
SERIALCXX='g++'
SET_MAKE=''
SFFTW_H=''
SFFTW_INC=' '
SFFTW_INCDIR=''
SFFTW_LIB=''
SFFTW_LIBDIR=''
SHELL='/bin/bash'
SO='.so'
STRIP=''
TCL_INCDIR='/usr/include/tcl'
TCL_LIB='-L/usr/lib/x86_64-linux-gnu -ltk8.6 -L/usr/lib/x86_64-linux-gnu -ltcl8.6'
TCL_LIBDIR_PATH='/usr/lib/x86_64-linux-gnu/libtcl8.6.a'
THREAD_LIB='-lpthread'
TK_INCDIR='/usr/include/tcl'
TK_LIBDIR_PATH='/usr/lib/x86_64-linux-gnu/libtk8.6.a'
VERSION='2.70'
X11_INCDIR='/usr/include'
X11_LIB='-lX11'
X11_LIBDIR='/usr/lib/x86_64-linux-gnu'
X11_LIBS=''
XGRAFIX_INCLUDE='-I/usr/local/xgrafix/include'
XGRAFIX_LIB='-lXGC250'
XGRAFIX_LIBDIR='/usr/local/xgrafix/lib'
XPM_LIB=''
XPM_LIBDIR=''
XPM_LIBDIR_PATH=''
XT_LIB='-lXt'
ZLIB_DIR=''
Z_LIBDIR=''
abs_top_builddir='/home/rinku/CODE/xoopic'
ac_ct_CC='gcc'
ac_ct_CXX=''
am__EXEEXT_FALSE=''
am__EXEEXT_TRUE='#'
am__fastdepCC_FALSE='#'
am__fastdepCC_TRUE=''
am__fastdepCXX_FALSE='#'
am__fastdepCXX_TRUE=''
am__include='include'
am__isrc=''
am__leading_dot='.'
am__nodep='_no'
am__quote=''
am__tar='$${TAR-tar} chof - "$$tardir"'
am__untar='$${TAR-tar} xf -'
bindir='${exec_prefix}/bin'
build='x86_64-unknown-linux-gnu'
build_alias=''
build_cpu='x86_64'
build_os='linux-gnu'
build_vendor='unknown'
datadir='${datarootdir}'
datarootdir='${prefix}/share'
docdir='${datarootdir}/doc/${PACKAGE_TARNAME}'
dvidir='${docdir}'
exec_prefix='${prefix}'
host='x86_64-unknown-linux-gnu'
host_alias=''
host_cpu='x86_64'
host_os='linux-gnu'
host_vendor='unknown'
htmldir='${docdir}'
includedir='${prefix}/include'
infodir='${datarootdir}/info'
install_sh='${SHELL} /home/rinku/CODE/xoopic/config/install-sh'
libdir='${exec_prefix}/lib'
libexecdir='${exec_prefix}/libexec'
localedir='${datarootdir}/locale'
localstatedir='${prefix}/var'
mandir='${datarootdir}/man'
mkdir_p='$(MKDIR_P)'
oldincludedir='/usr/include'
pdfdir='${docdir}'
prefix='/usr/local/xoopic'
program_transform_name='s,x,x,'
psdir='${docdir}'
sbindir='${exec_prefix}/sbin'
sharedstatedir='${prefix}/com'
sysconfdir='${prefix}/etc'
target_alias=''
tclsh='/usr/bin/tclsh'

## ----------- ##
## confdefs.h. ##
## ----------- ##

/* confdefs.h */
#define PACKAGE_NAME "xg/xgmain.cpp"
#define PACKAGE_TARNAME "xg-xgmain-cpp"
#define PACKAGE_VERSION "2.70"
#define PACKAGE_STRING "xg/xgmain.cpp 2.70"
#define PACKAGE_BUGREPORT ""
#define PACKAGE_URL ""
#define PACKAGE "xg-xgmain-cpp"
#define VERSION "2.70"
#define HOSTTYPE "x86_64-unknown-linux-gnu"
#define TIME_WITH_SYS_TIME 1
#define CXX "g++"
#define CXX_VERSION "g++"
#define CXX_OPTIFLAGS "-g -O2 -pipe"
#define CXX_SHAREDLIBFLAGS "-shared"
#define TOP_BUILDDIR "/home/rinku/CODE/xoopic"
#define TOP_SRCDIR "/home/rinku/CODE/xoopic"
#define STDC_HEADERS 1
#define HAVE_SYS_TYPES_H 1
#define HAVE_SYS_STAT_H 1
#define HAVE_STDLIB_H 1
#define HAVE_STRING_H 1
#define HAVE_MEMORY_H 1
#define HAVE_STRINGS_H 1
#define HAVE_INTTYPES_H 1
#define HAVE_STDINT_H 1
#define HAVE_UNISTD_H 1
#define HAVE_NAMESPACES /**/
#define HAVE_STD_COMPLEX 1
#define HAVE_STD_STREAMS 1
#define TEMPLATE_FRIENDS_NEED_BRACKETS 1
#define HAVE_GENERALLY_DECLARED_STATICS 1
#define HAVE_DFFTW /**/

configure: exit 0
